{
  "stats": {
    "suites": 1,
    "tests": 1,
    "passes": 0,
    "pending": 0,
    "failures": 1,
    "start": "2026-05-23T17:33:21.669Z",
    "end": "2026-05-23T17:33:22.134Z",
    "duration": 465,
    "testsRegistered": 1,
    "passPercent": 0,
    "pendingPercent": 0,
    "other": 0,
    "hasOther": false,
    "skipped": 0,
    "hasSkipped": false
  },
  "results": [
    {
      "uuid": "af3d3963-3c65-4665-bf5c-48d9cd50d698",
      "title": "",
      "fullFile": "cypress\\e2e\\homework.cy.js",
      "file": "cypress\\e2e\\homework.cy.js",
      "beforeHooks": [],
      "afterHooks": [],
      "tests": [],
      "suites": [
        {
          "uuid": "7e0874fa-f938-480e-9adf-c914b70c9ad2",
          "title": "Homework",
          "fullFile": "",
          "file": "",
          "beforeHooks": [],
          "afterHooks": [],
          "tests": [
            {
              "title": "Login + Garage + Expenses flow",
              "fullTitle": "Homework Login + Garage + Expenses flow",
              "timedOut": null,
              "duration": 416,
              "state": "failed",
              "speed": null,
              "pass": false,
              "fail": true,
              "pending": false,
              "context": null,
              "code": "const email = Cypress.env(\"userEmail\");\nconst password = Cypress.env(\"password\");\ncy.visit('/');\ncy.contains('Sign In').click();\ncy.get('#signinEmail').type(email);\ncy.get('#signinPassword').type(password, {\n  sensitive: true\n});\ncy.contains('Login').click();\ncy.contains('Garage', {\n  timeout: 10000\n});\n_GaragePage.default.addCar('BMW', 'X5', '10000');\ncy.get('.car-item').should('be.visible');\ncy.get('a[href=\"/panel/expenses\"]').click();\n_ExpensesPage.default.addExpense('10500', '50', '2500');\ncy.get('.table').should('contain', '10500');",
              "err": {
                "message": "CypressError: `cy.visit()` failed trying to load:\n\nhttps://qauto.forstudy.space/\n\nThe response we received from your web server was:\n\n  > 401: Unauthorized\n\nThis was considered a failure because the status code was not `2xx`.\n\nIf you do not want status codes to cause failures pass the option: `failOnStatusCode: false`",
                "estack": "CypressError: `cy.visit()` failed trying to load:\n\nhttps://qauto.forstudy.space/\n\nThe response we received from your web server was:\n\n  > 401: Unauthorized\n\nThis was considered a failure because the status code was not `2xx`.\n\nIf you do not want status codes to cause failures pass the option: `failOnStatusCode: false`\n    at <unknown> (https://qauto.forstudy.space/__cypress/runner/cypress_runner.js:135291:76)\n    at visitFailedByErr (https://qauto.forstudy.space/__cypress/runner/cypress_runner.js:134881:12)\n    at <unknown> (https://qauto.forstudy.space/__cypress/runner/cypress_runner.js:135274:13)\n    at tryCatcher (https://qauto.forstudy.space/__cypress/runner/cypress_runner.js:1777:23)\n    at Promise._settlePromiseFromHandler (https://qauto.forstudy.space/__cypress/runner/cypress_runner.js:1489:31)\n    at Promise._settlePromise (https://qauto.forstudy.space/__cypress/runner/cypress_runner.js:1546:18)\n    at Promise._settlePromise0 (https://qauto.forstudy.space/__cypress/runner/cypress_runner.js:1591:10)\n    at Promise._settlePromises (https://qauto.forstudy.space/__cypress/runner/cypress_runner.js:1667:18)\n    at _drainQueueStep (https://qauto.forstudy.space/__cypress/runner/cypress_runner.js:2377:12)\n    at _drainQueue (https://qauto.forstudy.space/__cypress/runner/cypress_runner.js:2370:9)\n    at Async._drainQueues (https://qauto.forstudy.space/__cypress/runner/cypress_runner.js:2386:5)\n    at Async.drainQueues (https://qauto.forstudy.space/__cypress/runner/cypress_runner.js:2256:14)\nFrom Your Spec Code:\n    at Context.eval (webpack://intro-to-cypress/./cypress/e2e/homework.cy.js:10:7)",
                "diff": null
              },
              "uuid": "ce918c30-1429-4332-85b5-1b1e86d4bda0",
              "parentUUID": "7e0874fa-f938-480e-9adf-c914b70c9ad2",
              "isHook": false,
              "skipped": false
            }
          ],
          "suites": [],
          "passes": [],
          "failures": [
            "ce918c30-1429-4332-85b5-1b1e86d4bda0"
          ],
          "pending": [],
          "skipped": [],
          "duration": 416,
          "root": false,
          "rootEmpty": false,
          "_timeout": 2000
        }
      ],
      "passes": [],
      "failures": [],
      "pending": [],
      "skipped": [],
      "duration": 0,
      "root": true,
      "rootEmpty": true,
      "_timeout": 2000
    }
  ],
  "meta": {
    "mocha": {
      "version": "7.2.0"
    },
    "mochawesome": {
      "options": {
        "quiet": false,
        "reportFilename": "mochawesome",
        "saveHtml": true,
        "saveJson": true,
        "consoleReporter": "spec",
        "useInlineDiffs": false,
        "code": true
      },
      "version": "7.1.4"
    },
    "marge": {
      "options": {
        "reportDir": "cypress/reports",
        "overwrite": false,
        "html": true,
        "json": true
      },
      "version": "6.3.2"
    }
  }
}