{
  "stats": {
    "suites": 1,
    "tests": 1,
    "passes": 0,
    "pending": 0,
    "failures": 1,
    "start": "2026-05-23T18:02:40.861Z",
    "end": "2026-05-23T18:02:46.430Z",
    "duration": 5569,
    "testsRegistered": 1,
    "passPercent": 0,
    "pendingPercent": 0,
    "other": 0,
    "hasOther": false,
    "skipped": 0,
    "hasSkipped": false
  },
  "results": [
    {
      "uuid": "aca48fe6-e69d-4c4f-a131-0b128cef8561",
      "title": "",
      "fullFile": "cypress\\e2e\\homework.cy.js",
      "file": "cypress\\e2e\\homework.cy.js",
      "beforeHooks": [],
      "afterHooks": [],
      "tests": [],
      "suites": [
        {
          "uuid": "fc5e884c-2d24-4d24-b6e0-8e6350f7f3bb",
          "title": "Homework API + UI",
          "fullFile": "",
          "file": "",
          "beforeHooks": [],
          "afterHooks": [],
          "tests": [
            {
              "title": "Login + Garage + API + Expenses flow",
              "fullTitle": "Homework API + UI Login + Garage + API + Expenses flow",
              "timedOut": null,
              "duration": 5511,
              "state": "failed",
              "speed": null,
              "pass": false,
              "fail": true,
              "pending": false,
              "context": null,
              "code": "const email = Cypress.env(\"userEmail\");\nconst password = Cypress.env(\"password\");\ncy.visit('/', {\n  auth: {\n    username: 'guest',\n    password: 'welcome2qauto'\n  }\n});\ncy.contains('button', 'Sign In').click();\ncy.get('#signinEmail').type(email);\ncy.get('#signinPassword').type(password, {\n  sensitive: true\n});\ncy.contains('button', 'Login').click();\ncy.contains('Garage', {\n  timeout: 10000\n});\n// intercept створення авто\ncy.intercept('POST', '/api/cars').as('createCar');\n// додаємо авто\n_GaragePage.default.addCar('BMW', 'X5', '10000');\n// отримуємо carId\ncy.wait('@createCar').then(interception => {\n  expect(interception.response.statusCode).to.eq(201);\n  const carId = interception.response.body.data.id;\n  cy.wrap(carId).as('carId');\n});\ncy.get('.car-item').should('be.visible');\n// перевірка API\ncy.get('@carId').then(carId => {\n  cy.request('/api/cars').then(response => {\n    expect(response.status).to.eq(200);\n    const ids = response.body.data.map(car => car.id);\n    expect(ids).to.include(carId);\n  });\n});\n// створення expense через API\ncy.get('@carId').then(carId => {\n  cy.request({\n    method: 'POST',\n    url: '/api/expenses',\n    body: {\n      carId: carId,\n      mileage: 11000,\n      liters: 20,\n      totalCost: 1000,\n      reportedAt: new Date().toISOString()\n    }\n  }).then(response => {\n    expect(response.status).to.eq(201);\n  });\n});\n// перевірка UI\ncy.contains('a', 'Fuel expenses').click();\ncy.contains('11000').should('exist');\ncy.contains('1000').should('exist');",
              "err": {
                "message": "AssertionError: expected 200 to equal 201",
                "estack": "AssertionError: expected 200 to equal 201\n    at Context.eval (webpack://intro-to-cypress/./cypress/e2e/homework.cy.js:63:35)\n    at getRet (https://qauto.forstudy.space/__cypress/runner/cypress_runner.js:122944:20)\n    at tryCatcher (https://qauto.forstudy.space/__cypress/runner/cypress_runner.js:1777:23)\n    at Promise.attempt.Promise.try (https://qauto.forstudy.space/__cypress/runner/cypress_runner.js:4285:29)\n    at Context.thenFn (https://qauto.forstudy.space/__cypress/runner/cypress_runner.js:122955:66)\n    at Context.then (https://qauto.forstudy.space/__cypress/runner/cypress_runner.js:123206:21)",
                "diff": "- 200\n+ 201\n"
              },
              "uuid": "0a53bea3-515d-481e-a594-031210e3f0e7",
              "parentUUID": "fc5e884c-2d24-4d24-b6e0-8e6350f7f3bb",
              "isHook": false,
              "skipped": false
            }
          ],
          "suites": [],
          "passes": [],
          "failures": [
            "0a53bea3-515d-481e-a594-031210e3f0e7"
          ],
          "pending": [],
          "skipped": [],
          "duration": 5511,
          "root": false,
          "rootEmpty": false,
          "_timeout": 2000
        }
      ],
      "passes": [],
      "failures": [],
      "pending": [],
      "skipped": [],
      "duration": 0,
      "root": true,
      "rootEmpty": true,
      "_timeout": 2000
    }
  ],
  "meta": {
    "mocha": {
      "version": "7.2.0"
    },
    "mochawesome": {
      "options": {
        "quiet": false,
        "reportFilename": "mochawesome",
        "saveHtml": true,
        "saveJson": true,
        "consoleReporter": "spec",
        "useInlineDiffs": false,
        "code": true
      },
      "version": "7.1.4"
    },
    "marge": {
      "options": {
        "reportDir": "cypress/reports",
        "overwrite": false,
        "html": true,
        "json": true
      },
      "version": "6.3.2"
    }
  }
}