{
  "stats": {
    "suites": 1,
    "tests": 1,
    "passes": 0,
    "pending": 0,
    "failures": 1,
    "start": "2026-05-23T17:24:47.609Z",
    "end": "2026-05-23T17:24:55.999Z",
    "duration": 8390,
    "testsRegistered": 1,
    "passPercent": 0,
    "pendingPercent": 0,
    "other": 0,
    "hasOther": false,
    "skipped": 0,
    "hasSkipped": false
  },
  "results": [
    {
      "uuid": "ea274a16-3ccc-46c9-9b19-d8c5a802129f",
      "title": "",
      "fullFile": "cypress\\e2e\\homework.cy.js",
      "file": "cypress\\e2e\\homework.cy.js",
      "beforeHooks": [],
      "afterHooks": [],
      "tests": [],
      "suites": [
        {
          "uuid": "3c5361de-9350-45bf-bc76-b05dfc7ef51a",
          "title": "Homework",
          "fullFile": "",
          "file": "",
          "beforeHooks": [],
          "afterHooks": [],
          "tests": [
            {
              "title": "Registration + Login flow",
              "fullTitle": "Homework Registration + Login flow",
              "timedOut": null,
              "duration": 8358,
              "state": "failed",
              "speed": null,
              "pass": false,
              "fail": true,
              "pending": false,
              "context": null,
              "code": "const email = `test${Date.now()}@mail.com`;\nconst password = 'Password1';\ncy.visit('/');\ncy.contains('Sign up').click();\n_RegistrationPage.default.typeName('John');\n_RegistrationPage.default.typeLastName('Doe');\n_RegistrationPage.default.typeEmail(email);\n_RegistrationPage.default.typePassword(password);\n_RegistrationPage.default.typeRepeatPassword(password);\n_RegistrationPage.default.clickRegister();\ncy.contains('Garage', {\n  timeout: 10000\n});\ncy.get('.user-nav_toggle').click();\ncy.contains('Logout').should('be.visible').click();\ncy.contains('Sign In').click();\ncy.get('#signinEmail').type(email);\ncy.get('#signinPassword').type(password, {\n  sensitive: true\n});\ncy.contains('Login').click();\ncy.contains('Garage', {\n  timeout: 10000\n});\n_GaragePage.default.addCar('BMW', 'X5', '10000');\ncy.get('.car-item', {\n  timeout: 10000\n}).should('be.visible');\ncy.get('a[href=\"/panel/expenses\"]').click();\n_ExpensesPage.default.addExpense('10500', '50', '2500');\ncy.get('.table', {\n  timeout: 10000\n}).should('contain', '10500');",
              "err": {
                "message": "CypressError: `cy.click()` can only be called on a single element. Your subject contained 3 elements. Pass `{ multiple: true }` if you want to serially click each element.\n\nhttps://on.cypress.io/click",
                "estack": "CypressError: `cy.click()` can only be called on a single element. Your subject contained 3 elements. Pass `{ multiple: true }` if you want to serially click each element.\n\nhttps://on.cypress.io/click\n    at mouseAction (https://guest:welcome2qauto@qauto.forstudy.space/__cypress/runner/cypress_runner.js:114883:68)\n    at Context.click (https://guest:welcome2qauto@qauto.forstudy.space/__cypress/runner/cypress_runner.js:115050:14)\n    at wrapped (https://guest:welcome2qauto@qauto.forstudy.space/__cypress/runner/cypress_runner.js:146482:19)\n    at <unknown> (https://guest:welcome2qauto@qauto.forstudy.space/__cypress/runner/cypress_runner.js:152513:15)\n    at tryCatcher (https://guest:welcome2qauto@qauto.forstudy.space/__cypress/runner/cypress_runner.js:1777:23)\n    at Promise._settlePromiseFromHandler (https://guest:welcome2qauto@qauto.forstudy.space/__cypress/runner/cypress_runner.js:1489:31)\n    at Promise._settlePromise (https://guest:welcome2qauto@qauto.forstudy.space/__cypress/runner/cypress_runner.js:1546:18)\n    at Promise._settlePromiseCtx (https://guest:welcome2qauto@qauto.forstudy.space/__cypress/runner/cypress_runner.js:1583:10)\n    at _drainQueueStep (https://guest:welcome2qauto@qauto.forstudy.space/__cypress/runner/cypress_runner.js:2381:12)\n    at _drainQueue (https://guest:welcome2qauto@qauto.forstudy.space/__cypress/runner/cypress_runner.js:2370:9)\n    at Async._drainQueues (https://guest:welcome2qauto@qauto.forstudy.space/__cypress/runner/cypress_runner.js:2386:5)\n    at Async.drainQueues (https://guest:welcome2qauto@qauto.forstudy.space/__cypress/runner/cypress_runner.js:2256:14)",
                "diff": null
              },
              "uuid": "c298b4ee-0c5a-4049-aa26-2803aac98bed",
              "parentUUID": "3c5361de-9350-45bf-bc76-b05dfc7ef51a",
              "isHook": false,
              "skipped": false
            }
          ],
          "suites": [],
          "passes": [],
          "failures": [
            "c298b4ee-0c5a-4049-aa26-2803aac98bed"
          ],
          "pending": [],
          "skipped": [],
          "duration": 8358,
          "root": false,
          "rootEmpty": false,
          "_timeout": 2000
        }
      ],
      "passes": [],
      "failures": [],
      "pending": [],
      "skipped": [],
      "duration": 0,
      "root": true,
      "rootEmpty": true,
      "_timeout": 2000
    }
  ],
  "meta": {
    "mocha": {
      "version": "7.2.0"
    },
    "mochawesome": {
      "options": {
        "quiet": false,
        "reportFilename": "mochawesome",
        "saveHtml": true,
        "saveJson": true,
        "consoleReporter": "spec",
        "useInlineDiffs": false,
        "code": true
      },
      "version": "7.1.4"
    },
    "marge": {
      "options": {
        "reportDir": "cypress/reports",
        "overwrite": false,
        "html": true,
        "json": true
      },
      "version": "6.3.2"
    }
  }
}