{
  "stats": {
    "suites": 1,
    "tests": 1,
    "passes": 1,
    "pending": 0,
    "failures": 0,
    "start": "2026-05-23T17:44:48.795Z",
    "end": "2026-05-23T17:44:55.387Z",
    "duration": 6592,
    "testsRegistered": 1,
    "passPercent": 100,
    "pendingPercent": 0,
    "other": 0,
    "hasOther": false,
    "skipped": 0,
    "hasSkipped": false
  },
  "results": [
    {
      "uuid": "af4f2224-1aa5-453d-a0a7-a00d938d056f",
      "title": "",
      "fullFile": "cypress\\e2e\\homework.cy.js",
      "file": "cypress\\e2e\\homework.cy.js",
      "beforeHooks": [],
      "afterHooks": [],
      "tests": [],
      "suites": [
        {
          "uuid": "02aa7e38-c6c1-4822-ad40-b988b70f3430",
          "title": "Homework",
          "fullFile": "",
          "file": "",
          "beforeHooks": [],
          "afterHooks": [],
          "tests": [
            {
              "title": "Login + Garage + Expenses flow",
              "fullTitle": "Homework Login + Garage + Expenses flow",
              "timedOut": null,
              "duration": 6513,
              "state": "passed",
              "speed": "medium",
              "pass": true,
              "fail": false,
              "pending": false,
              "context": null,
              "code": "const email = Cypress.env(\"userEmail\");\nconst password = Cypress.env(\"password\");\ncy.visit('/', {\n  auth: {\n    username: 'guest',\n    password: 'welcome2qauto'\n  }\n});\ncy.contains('button', 'Sign In').click();\ncy.get('#signinEmail').type(email);\ncy.get('#signinPassword').type(password, {\n  sensitive: true\n});\ncy.contains('button', 'Login').click();\ncy.contains('Garage', {\n  timeout: 10000\n});\n_GaragePage.default.addCar('BMW', 'X5', '10000');\ncy.get('.car-item').should('be.visible');\ncy.contains('a', 'Fuel expenses').click();\n_ExpensesPage.default.addExpense('10500', '50', '2500');\ncy.get('.table').should('contain', '10500');",
              "err": {},
              "uuid": "8e83617f-e362-43ce-851e-a32e6fe4cad6",
              "parentUUID": "02aa7e38-c6c1-4822-ad40-b988b70f3430",
              "isHook": false,
              "skipped": false
            }
          ],
          "suites": [],
          "passes": [
            "8e83617f-e362-43ce-851e-a32e6fe4cad6"
          ],
          "failures": [],
          "pending": [],
          "skipped": [],
          "duration": 6513,
          "root": false,
          "rootEmpty": false,
          "_timeout": 2000
        }
      ],
      "passes": [],
      "failures": [],
      "pending": [],
      "skipped": [],
      "duration": 0,
      "root": true,
      "rootEmpty": true,
      "_timeout": 2000
    }
  ],
  "meta": {
    "mocha": {
      "version": "7.2.0"
    },
    "mochawesome": {
      "options": {
        "quiet": false,
        "reportFilename": "mochawesome",
        "saveHtml": true,
        "saveJson": true,
        "consoleReporter": "spec",
        "useInlineDiffs": false,
        "code": true
      },
      "version": "7.1.4"
    },
    "marge": {
      "options": {
        "reportDir": "cypress/reports",
        "overwrite": false,
        "html": true,
        "json": true
      },
      "version": "6.3.2"
    }
  }
}