{
  "stats": {
    "suites": 1,
    "tests": 1,
    "passes": 0,
    "pending": 0,
    "failures": 1,
    "start": "2026-05-23T17:13:47.076Z",
    "end": "2026-05-23T17:13:57.282Z",
    "duration": 10206,
    "testsRegistered": 1,
    "passPercent": 0,
    "pendingPercent": 0,
    "other": 0,
    "hasOther": false,
    "skipped": 0,
    "hasSkipped": false
  },
  "results": [
    {
      "uuid": "1c86efca-6fc6-4bce-b45a-e7a54a460908",
      "title": "",
      "fullFile": "cypress\\e2e\\homework.cy.js",
      "file": "cypress\\e2e\\homework.cy.js",
      "beforeHooks": [],
      "afterHooks": [],
      "tests": [],
      "suites": [
        {
          "uuid": "7eda3443-143e-41fd-a9ff-d122e47e6a7a",
          "title": "Homework",
          "fullFile": "",
          "file": "",
          "beforeHooks": [],
          "afterHooks": [],
          "tests": [
            {
              "title": "Registration + Login flow",
              "fullTitle": "Homework Registration + Login flow",
              "timedOut": null,
              "duration": 10139,
              "state": "failed",
              "speed": null,
              "pass": false,
              "fail": true,
              "pending": false,
              "context": null,
              "code": "const email = `test${Date.now()}@mail.com`;\nconst password = 'Password1';\ncy.visit('/');\ncy.contains('Sign up').click();\n_RegistrationPage.default.typeName('John');\n_RegistrationPage.default.typeLastName('Doe');\n_RegistrationPage.default.typeEmail(email);\n_RegistrationPage.default.typePassword(password);\n_RegistrationPage.default.typeRepeatPassword(password);\n_RegistrationPage.default.clickRegister();\ncy.contains('Garage', {\n  timeout: 10000\n});\n// Створюємо машину одразу після реєстрації\n_GaragePage.default.addCar('BMW', 'X5', '10000');\ncy.get('.car-item').should('be.visible');\n// Робимо Logout\ncy.get('.user-nav_toggle').click({\n  force: true\n});\ncy.contains('Logout').click({\n  force: true\n});\n// Логінимося назад\ncy.contains('Sign In').click({\n  force: true\n});\ncy.get('#signinEmail').type(email, {\n  force: true\n});\ncy.get('#signinPassword').type(password, {\n  sensitive: true,\n  force: true\n});\ncy.contains('Login').click({\n  force: true\n});\ncy.contains('Garage', {\n  timeout: 10000\n});\ncy.get('.car-item').should('be.visible');\n// Переходимо до витрат\ncy.get('a[href=\"/panel/expenses\"]').click({\n  force: true\n});\n_ExpensesPage.default.addExpense('10500', '50', '2500');\ncy.get('.table').should('contain', '10500');",
              "err": {
                "message": "AssertionError: Timed out retrying after 4000ms: Expected to find element: `.car-item`, but never found it.",
                "estack": "AssertionError: Timed out retrying after 4000ms: Expected to find element: `.car-item`, but never found it.\n    at Context.eval (webpack://intro-to-cypress/./cypress/e2e/homework.cy.js:27:24)",
                "diff": null
              },
              "uuid": "0bd386ef-1808-4950-9134-cf3ab62e97fb",
              "parentUUID": "7eda3443-143e-41fd-a9ff-d122e47e6a7a",
              "isHook": false,
              "skipped": false
            }
          ],
          "suites": [],
          "passes": [],
          "failures": [
            "0bd386ef-1808-4950-9134-cf3ab62e97fb"
          ],
          "pending": [],
          "skipped": [],
          "duration": 10139,
          "root": false,
          "rootEmpty": false,
          "_timeout": 2000
        }
      ],
      "passes": [],
      "failures": [],
      "pending": [],
      "skipped": [],
      "duration": 0,
      "root": true,
      "rootEmpty": true,
      "_timeout": 2000
    }
  ],
  "meta": {
    "mocha": {
      "version": "7.2.0"
    },
    "mochawesome": {
      "options": {
        "quiet": false,
        "reportFilename": "mochawesome",
        "saveHtml": true,
        "saveJson": true,
        "consoleReporter": "spec",
        "useInlineDiffs": false,
        "code": true
      },
      "version": "7.1.4"
    },
    "marge": {
      "options": {
        "reportDir": "cypress/reports",
        "overwrite": false,
        "html": true,
        "json": true
      },
      "version": "6.3.2"
    }
  }
}