{
  "stats": {
    "suites": 1,
    "tests": 1,
    "passes": 0,
    "pending": 0,
    "failures": 1,
    "start": "2026-05-23T17:42:20.248Z",
    "end": "2026-05-23T17:42:30.990Z",
    "duration": 10742,
    "testsRegistered": 1,
    "passPercent": 0,
    "pendingPercent": 0,
    "other": 0,
    "hasOther": false,
    "skipped": 0,
    "hasSkipped": false
  },
  "results": [
    {
      "uuid": "4ec7f648-feb5-4d8f-be44-6727e229cdb4",
      "title": "",
      "fullFile": "cypress\\e2e\\homework.cy.js",
      "file": "cypress\\e2e\\homework.cy.js",
      "beforeHooks": [],
      "afterHooks": [],
      "tests": [],
      "suites": [
        {
          "uuid": "d0825a63-cf3f-4c94-99e4-ff131b306d5c",
          "title": "Homework",
          "fullFile": "",
          "file": "",
          "beforeHooks": [],
          "afterHooks": [],
          "tests": [
            {
              "title": "Login + Garage + Expenses flow",
              "fullTitle": "Homework Login + Garage + Expenses flow",
              "timedOut": null,
              "duration": 10714,
              "state": "failed",
              "speed": null,
              "pass": false,
              "fail": true,
              "pending": false,
              "context": null,
              "code": "const email = Cypress.env(\"userEmail\");\nconst password = Cypress.env(\"password\");\ncy.visit('/', {\n  auth: {\n    username: 'guest',\n    password: 'welcome2qauto'\n  }\n});\ncy.contains('button', 'Sign In').click();\ncy.get('#signinEmail').type(email);\ncy.get('#signinPassword').type(password, {\n  sensitive: true\n});\ncy.contains('button', 'Login').click();\ncy.contains('Garage', {\n  timeout: 10000\n});\n_GaragePage.default.addCar('BMW', 'X5', '10000');\ncy.get('.car-item').should('be.visible');\ncy.contains('a', 'Fuel expenses').click();\n_ExpensesPage.default.addExpense('10500', '50', '2500');\ncy.get('.table').should('contain', '10500');",
              "err": {
                "message": "CypressError: Timed out retrying after 4050ms: `cy.click()` failed because this element:\n\n`<button _ngcontent-fkt-c82=\"\" class=\"btn btn-primary\">Add an ...</button>`\n\nis being covered by another element:\n\n`<ngb-modal-window role=\"dialog\" tabindex=\"-1\" aria-modal=\"true\" class=\"d-block modal fade show\">...</ngb-modal-window>`\n\nFix this problem, or use {force: true} to disable error checking.\n\nhttps://on.cypress.io/element-cannot-be-interacted-with",
                "estack": "CypressError: Timed out retrying after 4050ms: `cy.click()` failed because this element:\n\n`<button _ngcontent-fkt-c82=\"\" class=\"btn btn-primary\">Add an ...</button>`\n\nis being covered by another element:\n\n`<ngb-modal-window role=\"dialog\" tabindex=\"-1\" aria-modal=\"true\" class=\"d-block modal fade show\">...</ngb-modal-window>`\n\nFix this problem, or use {force: true} to disable error checking.\n\nhttps://on.cypress.io/element-cannot-be-interacted-with\n    at ensureIsDescendent (https://qauto.forstudy.space/__cypress/runner/cypress_runner.js:115290:68)\n    at ensureDescendents (https://qauto.forstudy.space/__cypress/runner/cypress_runner.js:115341:5)\n    at ensureDescendentsAndScroll (https://qauto.forstudy.space/__cypress/runner/cypress_runner.js:115347:14)\n    at ensureElIsNotCovered (https://qauto.forstudy.space/__cypress/runner/cypress_runner.js:115478:5)\n    at runAllChecks (https://qauto.forstudy.space/__cypress/runner/cypress_runner.js:115677:52)\n    at retryActionability (https://qauto.forstudy.space/__cypress/runner/cypress_runner.js:115714:16)\n    at tryCatcher (https://qauto.forstudy.space/__cypress/runner/cypress_runner.js:1777:23)\n    at Promise.attempt.Promise.try (https://qauto.forstudy.space/__cypress/runner/cypress_runner.js:4285:29)\n    at whenStable (https://qauto.forstudy.space/__cypress/runner/cypress_runner.js:152237:70)\n    at <unknown> (https://qauto.forstudy.space/__cypress/runner/cypress_runner.js:152152:14)\n    at tryCatcher (https://qauto.forstudy.space/__cypress/runner/cypress_runner.js:1777:23)\n    at Promise._settlePromiseFromHandler (https://qauto.forstudy.space/__cypress/runner/cypress_runner.js:1489:31)\n    at Promise._settlePromise (https://qauto.forstudy.space/__cypress/runner/cypress_runner.js:1546:18)\n    at Promise._settlePromise0 (https://qauto.forstudy.space/__cypress/runner/cypress_runner.js:1591:10)\n    at Promise._settlePromises (https://qauto.forstudy.space/__cypress/runner/cypress_runner.js:1671:18)\n    at Promise._fulfill (https://qauto.forstudy.space/__cypress/runner/cypress_runner.js:1615:18)\n    at <unknown> (https://qauto.forstudy.space/__cypress/runner/cypress_runner.js:5420:46)",
                "diff": null
              },
              "uuid": "46d90598-703a-4d93-bc72-ddd699a3bfe6",
              "parentUUID": "d0825a63-cf3f-4c94-99e4-ff131b306d5c",
              "isHook": false,
              "skipped": false
            }
          ],
          "suites": [],
          "passes": [],
          "failures": [
            "46d90598-703a-4d93-bc72-ddd699a3bfe6"
          ],
          "pending": [],
          "skipped": [],
          "duration": 10714,
          "root": false,
          "rootEmpty": false,
          "_timeout": 2000
        }
      ],
      "passes": [],
      "failures": [],
      "pending": [],
      "skipped": [],
      "duration": 0,
      "root": true,
      "rootEmpty": true,
      "_timeout": 2000
    }
  ],
  "meta": {
    "mocha": {
      "version": "7.2.0"
    },
    "mochawesome": {
      "options": {
        "quiet": false,
        "reportFilename": "mochawesome",
        "saveHtml": true,
        "saveJson": true,
        "consoleReporter": "spec",
        "useInlineDiffs": false,
        "code": true
      },
      "version": "7.1.4"
    },
    "marge": {
      "options": {
        "reportDir": "cypress/reports",
        "overwrite": false,
        "html": true,
        "json": true
      },
      "version": "6.3.2"
    }
  }
}