{
  "stats": {
    "suites": 1,
    "tests": 1,
    "passes": 0,
    "pending": 0,
    "failures": 1,
    "start": "2026-05-23T14:48:51.720Z",
    "end": "2026-05-23T14:48:52.250Z",
    "duration": 530,
    "testsRegistered": 1,
    "passPercent": 0,
    "pendingPercent": 0,
    "other": 0,
    "hasOther": false,
    "skipped": 0,
    "hasSkipped": false
  },
  "results": [
    {
      "uuid": "eddbb698-2f76-44f5-8d2f-77333269f754",
      "title": "",
      "fullFile": "cypress\\e2e\\homework.cy.js",
      "file": "cypress\\e2e\\homework.cy.js",
      "beforeHooks": [],
      "afterHooks": [],
      "tests": [],
      "suites": [
        {
          "uuid": "7e340b41-8051-49a7-ad5c-7c7e935cbd4c",
          "title": "Homework",
          "fullFile": "",
          "file": "",
          "beforeHooks": [],
          "afterHooks": [],
          "tests": [
            {
              "title": "Registration + Login flow",
              "fullTitle": "Homework Registration + Login flow",
              "timedOut": null,
              "duration": 474,
              "state": "failed",
              "speed": null,
              "pass": false,
              "fail": true,
              "pending": false,
              "context": null,
              "code": "const email = `test${Date.now()}@mail.com`;\nconst password = 'Password1';\ncy.visit('/');\ncy.contains('Sign up').click();\n_RegistrationPage.default.typeName('John');\n_RegistrationPage.default.typeLastName('Doe');\n_RegistrationPage.default.typeEmail(email);\n_RegistrationPage.default.typePassword(password);\n_RegistrationPage.default.typeRepeatPassword(password);\n_RegistrationPage.default.clickRegister();\ncy.contains('Garage');\ncy.get('.user-nav_toggle').click();\ncy.contains('Logout').should('be.visible').click();\ncy.contains('Sign In').click();\ncy.get('#signinEmail').type(email);\ncy.get('#signinPassword').type(password, {\n  sensitive: true\n});\ncy.contains('Login').click();\ncy.contains('Garage');",
              "err": {
                "message": "CypressError: `cy.visit()` failed trying to load:\n\nhttps://qauto.forstudy.space/\n\nThe response we received from your web server was:\n\n  > 401: Unauthorized\n\nThis was considered a failure because the status code was not `2xx`.\n\nIf you do not want status codes to cause failures pass the option: `failOnStatusCode: false`",
                "estack": "CypressError: `cy.visit()` failed trying to load:\n\nhttps://qauto.forstudy.space/\n\nThe response we received from your web server was:\n\n  > 401: Unauthorized\n\nThis was considered a failure because the status code was not `2xx`.\n\nIf you do not want status codes to cause failures pass the option: `failOnStatusCode: false`\n    at <unknown> (https://qauto.forstudy.space/__cypress/runner/cypress_runner.js:135291:76)\n    at visitFailedByErr (https://qauto.forstudy.space/__cypress/runner/cypress_runner.js:134881:12)\n    at <unknown> (https://qauto.forstudy.space/__cypress/runner/cypress_runner.js:135274:13)\n    at tryCatcher (https://qauto.forstudy.space/__cypress/runner/cypress_runner.js:1777:23)\n    at Promise._settlePromiseFromHandler (https://qauto.forstudy.space/__cypress/runner/cypress_runner.js:1489:31)\n    at Promise._settlePromise (https://qauto.forstudy.space/__cypress/runner/cypress_runner.js:1546:18)\n    at Promise._settlePromise0 (https://qauto.forstudy.space/__cypress/runner/cypress_runner.js:1591:10)\n    at Promise._settlePromises (https://qauto.forstudy.space/__cypress/runner/cypress_runner.js:1667:18)\n    at _drainQueueStep (https://qauto.forstudy.space/__cypress/runner/cypress_runner.js:2377:12)\n    at _drainQueue (https://qauto.forstudy.space/__cypress/runner/cypress_runner.js:2370:9)\n    at Async._drainQueues (https://qauto.forstudy.space/__cypress/runner/cypress_runner.js:2386:5)\n    at Async.drainQueues (https://qauto.forstudy.space/__cypress/runner/cypress_runner.js:2256:14)\nFrom Your Spec Code:\n    at Context.eval (webpack://intro-to-cypress/./cypress/e2e/homework.cy.js:10:7)",
                "diff": null
              },
              "uuid": "fae761a9-6d3d-407b-9a62-5fe2d2328766",
              "parentUUID": "7e340b41-8051-49a7-ad5c-7c7e935cbd4c",
              "isHook": false,
              "skipped": false
            }
          ],
          "suites": [],
          "passes": [],
          "failures": [
            "fae761a9-6d3d-407b-9a62-5fe2d2328766"
          ],
          "pending": [],
          "skipped": [],
          "duration": 474,
          "root": false,
          "rootEmpty": false,
          "_timeout": 2000
        }
      ],
      "passes": [],
      "failures": [],
      "pending": [],
      "skipped": [],
      "duration": 0,
      "root": true,
      "rootEmpty": true,
      "_timeout": 2000
    }
  ],
  "meta": {
    "mocha": {
      "version": "7.2.0"
    },
    "mochawesome": {
      "options": {
        "quiet": false,
        "reportFilename": "mochawesome",
        "saveHtml": true,
        "saveJson": true,
        "consoleReporter": "spec",
        "useInlineDiffs": false,
        "code": true
      },
      "version": "7.1.4"
    },
    "marge": {
      "options": {
        "reportDir": "cypress/reports",
        "overwrite": false,
        "html": true,
        "json": true
      },
      "version": "6.3.2"
    }
  }
}